# JRE version: OpenJDK Runtime Environment Temurin-17.0.7+7 (17.0.7+7) (build 17.0.7+7)
# Java VM: OpenJDK 64-Bit Server VM Temurin-17.0.7+7 (17.0.7+7, mixed mode, emulated-client, tiered, compressed oops, compressed class ptrs, g1 gc, windows-amd64)
GC Precious Log:
 CPUs: 4 total, 4 available
 Memory: 20279M
 Large Page Support: Disabled
 NUMA Support: Disabled
 Compressed Oops: Enabled (32-bit)
 Heap Region Size: 1M
 Heap Min Capacity: 8M
 Heap Initial Capacity: 318M
 Heap Max Capacity: 1G
 Pre-touch: Disabled
 Parallel Workers: 4
 Concurrent Workers: 1
 Concurrent Refinement Workers: 4
 Periodic GC: Disabled
Heap:
 garbage-first heap   total 321536K, used 95495K [0x00000000c0000000, 0x0000000100000000)
  region size 1024K, 1 young (1024K), 0 survivors (0K)
 Metaspace       used 71483K, committed 72000K, reserved 1114112K
  class space    used 9421K, committed 9664K, reserved 1048576K
GC Heap History (20 events):
Event: 13858.498 GC heap before
{Heap before GC invocations=1419 (full 1305):
 garbage-first heap   total 321536K, used 95495K [0x00000000c0000000, 0x0000000100000000)
  region size 1024K, 1 young (1024K), 0 survivors (0K)
 Metaspace       used 71483K, committed 72000K, reserved 1114112K
  class space    used 9421K, committed 9664K, reserved 1048576K
}
Event: 13858.595 GC heap after
{Heap after GC invocations=1420 (full 1306):
 garbage-first heap   total 321536K, used 95495K [0x00000000c0000000, 0x0000000100000000)
  region size 1024K, 0 young (0K), 0 survivors (0K)
 Metaspace       used 71483K, committed 72000K, reserved 1114112K
  class space    used 9421K, committed 9664K, reserved 1048576K
}
Event: 13870.846 GC heap before
{Heap before GC invocations=1420 (full 1306):
 garbage-first heap   total 321536K, used 95495K [0x00000000c0000000, 0x0000000100000000)
  region size 1024K, 1 young (1024K), 0 survivors (0K)
 Metaspace       used 71483K, committed 72000K, reserved 1114112K
  class space    used 9421K, committed 9664K, reserved 1048576K
}
Event: 13870.937 GC heap after
{Heap after GC invocations=1421 (full 1307):
 garbage-first heap   total 321536K, used 95495K [0x00000000c0000000, 0x0000000100000000)
  region size 1024K, 0 young (0K), 0 survivors (0K)
 Metaspace       used 71483K, committed 72000K, reserved 1114112K
  class space    used 9421K, committed 9664K, reserved 1048576K
}
Event: 13885.930 GC heap before
{Heap before GC invocations=1421 (full 1307):
 garbage-first heap   total 321536K, used 95495K [0x00000000c0000000, 0x0000000100000000)
  region size 1024K, 1 young (1024K), 0 survivors (0K)
 Metaspace       used 71483K, committed 72000K, reserved 1114112K
  class space    used 9421K, committed 9664K, reserved 1048576K
}
Event: 13886.028 GC heap after
{Heap after GC invocations=1422 (full 1308):
 garbage-first heap   total 321536K, used 95495K [0x00000000c0000000, 0x0000000100000000)
  region size 1024K, 0 young (0K), 0 survivors (0K)
 Metaspace       used 71483K, committed 72000K, reserved 1114112K
  class space    used 9421K, committed 9664K, reserved 1048576K
}
Event: 13900.830 GC heap before
{Heap before GC invocations=1422 (full 1308):
 garbage-first heap   total 321536K, used 95495K [0x00000000c0000000, 0x0000000100000000)
  region size 1024K, 1 young (1024K), 0 survivors (0K)
 Metaspace       used 71483K, committed 72000K, reserved 1114112K
  class space    used 9421K, committed 9664K, reserved 1048576K
}
Event: 13900.926 GC heap after
{Heap after GC invocations=1423 (full 1309):
 garbage-first heap   total 321536K, used 95495K [0x00000000c0000000, 0x0000000100000000)
  region size 1024K, 0 young (0K), 0 survivors (0K)
 Metaspace       used 71483K, committed 72000K, reserved 1114112K
  class space    used 9421K, committed 9664K, reserved 1048576K
}
Event: 13918.207 GC heap before
{Heap before GC invocations=1423 (full 1309):
 garbage-first heap   total 321536K, used 95495K [0x00000000c0000000, 0x0000000100000000)
  region size 1024K, 1 young (1024K), 0 survivors (0K)
 Metaspace       used 71483K, committed 72000K, reserved 1114112K
  class space    used 9421K, committed 9664K, reserved 1048576K
}
Event: 13918.306 GC heap after
{Heap after GC invocations=1424 (full 1310):
 garbage-first heap   total 321536K, used 95495K [0x00000000c0000000, 0x0000000100000000)
  region size 1024K, 0 young (0K), 0 survivors (0K)
 Metaspace       used 71483K, committed 72000K, reserved 1114112K
  class space    used 9421K, committed 9664K, reserved 1048576K
}
Event: 13935.569 GC heap before
{Heap before GC invocations=1424 (full 1310):
 garbage-first heap   total 321536K, used 95495K [0x00000000c0000000, 0x0000000100000000)
  region size 1024K, 1 young (1024K), 0 survivors (0K)
 Metaspace       used 71483K, committed 72000K, reserved 1114112K
  class space    used 9421K, committed 9664K, reserved 1048576K
}
Event: 13935.678 GC heap after
{Heap after GC invocations=1425 (full 1311):
 garbage-first heap   total 321536K, used 95495K [0x00000000c0000000, 0x0000000100000000)
  region size 1024K, 0 young (0K), 0 survivors (0K)
 Metaspace       used 71483K, committed 72000K, reserved 1114112K
  class space    used 9421K, committed 9664K, reserved 1048576K
}
Event: 13950.178 GC heap before
{Heap before GC invocations=1425 (full 1311):
 garbage-first heap   total 321536K, used 95495K [0x00000000c0000000, 0x0000000100000000)
  region size 1024K, 1 young (1024K), 0 survivors (0K)
 Metaspace       used 71483K, committed 72000K, reserved 1114112K
  class space    used 9421K, committed 9664K, reserved 1048576K
}
Event: 13950.275 GC heap after
{Heap after GC invocations=1426 (full 1312):
 garbage-first heap   total 321536K, used 95495K [0x00000000c0000000, 0x0000000100000000)
  region size 1024K, 0 young (0K), 0 survivors (0K)
 Metaspace       used 71483K, committed 72000K, reserved 1114112K
  class space    used 9421K, committed 9664K, reserved 1048576K
}
Event: 13966.451 GC heap before
{Heap before GC invocations=1426 (full 1312):
 garbage-first heap   total 321536K, used 95495K [0x00000000c0000000, 0x0000000100000000)
  region size 1024K, 1 young (1024K), 0 survivors (0K)
 Metaspace       used 71483K, committed 72000K, reserved 1114112K
  class space    used 9421K, committed 9664K, reserved 1048576K
}
Event: 13966.546 GC heap after
{Heap after GC invocations=1427 (full 1313):
 garbage-first heap   total 321536K, used 95495K [0x00000000c0000000, 0x0000000100000000)
  region size 1024K, 0 young (0K), 0 survivors (0K)
 Metaspace       used 71483K, committed 72000K, reserved 1114112K
  class space    used 9421K, committed 9664K, reserved 1048576K
}
Event: 13983.170 GC heap before
{Heap before GC invocations=1427 (full 1313):
 garbage-first heap   total 321536K, used 95495K [0x00000000c0000000, 0x0000000100000000)
  region size 1024K, 1 young (1024K), 0 survivors (0K)
 Metaspace       used 71483K, committed 72000K, reserved 1114112K
  class space    used 9421K, committed 9664K, reserved 1048576K
}
Event: 13983.262 GC heap after
{Heap after GC invocations=1428 (full 1314):
 garbage-first heap   total 321536K, used 95495K [0x00000000c0000000, 0x0000000100000000)
  region size 1024K, 0 young (0K), 0 survivors (0K)
 Metaspace       used 71483K, committed 72000K, reserved 1114112K
  class space    used 9421K, committed 9664K, reserved 1048576K
}
Event: 13997.479 GC heap before
{Heap before GC invocations=1428 (full 1314):
 garbage-first heap   total 321536K, used 95495K [0x00000000c0000000, 0x0000000100000000)
  region size 1024K, 1 young (1024K), 0 survivors (0K)
 Metaspace       used 71483K, committed 72000K, reserved 1114112K
  class space    used 9421K, committed 9664K, reserved 1048576K
}
Event: 13997.560 GC heap after
{Heap after GC invocations=1429 (full 1315):
 garbage-first heap   total 321536K, used 95495K [0x00000000c0000000, 0x0000000100000000)
  region size 1024K, 0 young (0K), 0 survivors (0K)
 Metaspace       used 71483K, committed 72000K, reserved 1114112K
  class space    used 9421K, committed 9664K, reserved 1048576K
}

